<?xml version="1.0" encoding="UTF-8"?>
<robot generator="Robot 4.1.2 (Python 3.10.0 on win32)" generated="20211209 10:32:50.766" rpa="false" schemaversion="2">
<suite id="s1" name="Groups" source="C:\Users\NAYANA K\Desktop\Moolya assesment\APNA\test cases\week2\Test\groups.robot">
<test id="s1-t1" name="user should be able to search in Apna application">
<kw name="Launch the Apna Application">
<kw name="Open Application" library="AppiumLibrary">
<arg>${mir_server}</arg>
<arg>platformName=${platformName}</arg>
<arg>platformVersion=${platformVersion}</arg>
<arg>deviceName=${deviceName}</arg>
<arg>appActivity=${app_activity}</arg>
<arg>appPackage=${app_package}</arg>
<arg>noReset=true</arg>
<doc>Opens a new application to given Appium server.
Capabilities of appium server, Android and iOS,
Please check https://github.com/appium/appium/blob/master/docs/en/writing-running-appium/server-args.md
| *Option*            | *Man.* | *Description*     |
| remote_url          | Yes    | Appium server url |
| alias               | no     | alias             |</doc>
<status status="PASS" starttime="20211209 10:32:51.049" endtime="20211209 10:33:13.180"/>
</kw>
<status status="PASS" starttime="20211209 10:32:51.048" endtime="20211209 10:33:13.181"/>
</kw>
<tag>user should be able to search in Apna application</tag>
<status status="PASS" starttime="20211209 10:32:51.048" endtime="20211209 10:33:13.182"/>
</test>
<test id="s1-t2" name="User need to login and get otp">
<kw name="OTPs and phone number should be generated randomly for staging environment">
<kw name="Wait Until Page Contains Element" library="AppiumLibrary">
<arg>${Login}</arg>
<arg>timeout=30s</arg>
<doc>Waits until element specified with `locator` appears on current page.</doc>
<status status="PASS" starttime="20211209 10:33:13.188" endtime="20211209 10:33:19.123"/>
</kw>
<kw name="Sleep" library="BuiltIn">
<arg>3s</arg>
<doc>Pauses the test executed for the given time.</doc>
<msg timestamp="20211209 10:33:22.137" level="INFO">Slept 3 seconds</msg>
<status status="PASS" starttime="20211209 10:33:19.123" endtime="20211209 10:33:22.137"/>
</kw>
<kw name="Input Text" library="AppiumLibrary">
<arg>${Login}</arg>
<arg>9734667811</arg>
<doc>Types the given `text` into text field identified by `locator`.</doc>
<msg timestamp="20211209 10:33:22.141" level="INFO">Typing text '9734667811' into text field 'id=com.apnatime.debug:id/et_login_number'</msg>
<status status="PASS" starttime="20211209 10:33:22.137" endtime="20211209 10:33:22.941"/>
</kw>
<kw name="Sleep" library="BuiltIn">
<arg>3s</arg>
<doc>Pauses the test executed for the given time.</doc>
<msg timestamp="20211209 10:33:25.955" level="INFO">Slept 3 seconds</msg>
<status status="PASS" starttime="20211209 10:33:22.941" endtime="20211209 10:33:25.955"/>
</kw>
<kw name="Click Element" library="AppiumLibrary">
<arg>${send}</arg>
<doc>Click element identified by `locator`.</doc>
<msg timestamp="20211209 10:33:25.960" level="INFO">Clicking element 'id=com.apnatime.debug:id/btn_send'.</msg>
<status status="PASS" starttime="20211209 10:33:25.955" endtime="20211209 10:33:26.041"/>
</kw>
<kw name="Sleep" library="BuiltIn">
<arg>3s</arg>
<doc>Pauses the test executed for the given time.</doc>
<msg timestamp="20211209 10:33:29.044" level="INFO">Slept 3 seconds</msg>
<status status="PASS" starttime="20211209 10:33:26.041" endtime="20211209 10:33:29.044"/>
</kw>
<kw name="Wait Until Element Is Visible" library="AppiumLibrary">
<arg>${enter_otp}</arg>
<arg>timeout=30s</arg>
<doc>Waits until element specified with `locator` is visible.</doc>
<status status="PASS" starttime="20211209 10:33:29.045" endtime="20211209 10:33:30.497"/>
</kw>
<kw name="Input Text" library="AppiumLibrary">
<arg>${otp1}</arg>
<arg>3</arg>
<doc>Types the given `text` into text field identified by `locator`.</doc>
<msg timestamp="20211209 10:33:30.500" level="INFO">Typing text '3' into text field 'id=com.apnatime.debug:id/et_otp1'</msg>
<status status="PASS" starttime="20211209 10:33:30.497" endtime="20211209 10:33:30.573"/>
</kw>
<kw name="Input Text" library="AppiumLibrary">
<arg>${otp2}</arg>
<arg>1</arg>
<doc>Types the given `text` into text field identified by `locator`.</doc>
<msg timestamp="20211209 10:33:30.576" level="INFO">Typing text '1' into text field 'id=com.apnatime.debug:id/et_otp2'</msg>
<status status="PASS" starttime="20211209 10:33:30.573" endtime="20211209 10:33:31.526"/>
</kw>
<kw name="Input Text" library="AppiumLibrary">
<arg>${otp3}</arg>
<arg>3</arg>
<doc>Types the given `text` into text field identified by `locator`.</doc>
<msg timestamp="20211209 10:33:31.530" level="INFO">Typing text '3' into text field 'id=com.apnatime.debug:id/et_otp3'</msg>
<status status="PASS" starttime="20211209 10:33:31.527" endtime="20211209 10:33:32.515"/>
</kw>
<kw name="Input Text" library="AppiumLibrary">
<arg>${otp4}</arg>
<arg>4</arg>
<doc>Types the given `text` into text field identified by `locator`.</doc>
<msg timestamp="20211209 10:33:32.518" level="INFO">Typing text '4' into text field 'id=com.apnatime.debug:id/et_otp4'</msg>
<status status="PASS" starttime="20211209 10:33:32.515" endtime="20211209 10:33:33.466"/>
</kw>
<kw name="Sleep" library="BuiltIn">
<arg>3s</arg>
<doc>Pauses the test executed for the given time.</doc>
<msg timestamp="20211209 10:33:36.473" level="INFO">Slept 3 seconds</msg>
<status status="PASS" starttime="20211209 10:33:33.466" endtime="20211209 10:33:36.473"/>
</kw>
<status status="PASS" starttime="20211209 10:33:13.187" endtime="20211209 10:33:36.473"/>
</kw>
<tag>Login and get OTP</tag>
<status status="PASS" starttime="20211209 10:33:13.185" endtime="20211209 10:33:36.474"/>
</test>
<test id="s1-t3" name="Clicking on Bulb icon should display a set of suggestions for both the languages">
<kw name="Verify the Message">
<kw name="Sleep" library="BuiltIn">
<arg>30s</arg>
<doc>Pauses the test executed for the given time.</doc>
<msg timestamp="20211209 10:34:06.486" level="INFO">Slept 30 seconds</msg>
<status status="PASS" starttime="20211209 10:33:36.478" endtime="20211209 10:34:06.486"/>
</kw>
<kw name="Click Element" library="AppiumLibrary">
<arg>id=com.apnatime.debug:id/action_in_app_groups</arg>
<doc>Click element identified by `locator`.</doc>
<msg timestamp="20211209 10:34:06.489" level="INFO">Clicking element 'id=com.apnatime.debug:id/action_in_app_groups'.</msg>
<status status="PASS" starttime="20211209 10:34:06.486" endtime="20211209 10:34:06.654"/>
</kw>
<kw name="Sleep" library="BuiltIn">
<arg>3s</arg>
<doc>Pauses the test executed for the given time.</doc>
<msg timestamp="20211209 10:34:09.670" level="INFO">Slept 3 seconds</msg>
<status status="PASS" starttime="20211209 10:34:06.654" endtime="20211209 10:34:09.671"/>
</kw>
<kw name="Wait Until Element Is Visible" library="AppiumLibrary">
<arg>id=com.apnatime.debug:id/ic_move_next</arg>
<doc>Waits until element specified with `locator` is visible.</doc>
<status status="PASS" starttime="20211209 10:34:09.671" endtime="20211209 10:34:09.737"/>
</kw>
<kw name="Click Element" library="AppiumLibrary">
<arg>id=com.apnatime.debug:id/ic_move_next</arg>
<doc>Click element identified by `locator`.</doc>
<msg timestamp="20211209 10:34:09.739" level="INFO">Clicking element 'id=com.apnatime.debug:id/ic_move_next'.</msg>
<status status="PASS" starttime="20211209 10:34:09.737" endtime="20211209 10:34:09.821"/>
</kw>
<kw name="Sleep" library="BuiltIn">
<arg>3s</arg>
<doc>Pauses the test executed for the given time.</doc>
<msg timestamp="20211209 10:34:12.828" level="INFO">Slept 3 seconds</msg>
<status status="PASS" starttime="20211209 10:34:09.822" endtime="20211209 10:34:12.828"/>
</kw>
<kw name="Click Element" library="AppiumLibrary">
<arg>id=com.apnatime.debug:id/ic_move_next</arg>
<doc>Click element identified by `locator`.</doc>
<msg timestamp="20211209 10:34:12.830" level="INFO">Clicking element 'id=com.apnatime.debug:id/ic_move_next'.</msg>
<status status="PASS" starttime="20211209 10:34:12.828" endtime="20211209 10:34:12.905"/>
</kw>
<kw name="Sleep" library="BuiltIn">
<arg>3s</arg>
<doc>Pauses the test executed for the given time.</doc>
<msg timestamp="20211209 10:34:15.995" level="INFO">Slept 3 seconds</msg>
<status status="PASS" starttime="20211209 10:34:12.905" endtime="20211209 10:34:15.995"/>
</kw>
<kw name="Click Element" library="AppiumLibrary">
<arg>id=com.apnatime.debug:id/tv_done</arg>
<doc>Click element identified by `locator`.</doc>
<msg timestamp="20211209 10:34:15.997" level="INFO">Clicking element 'id=com.apnatime.debug:id/tv_done'.</msg>
<status status="PASS" starttime="20211209 10:34:15.995" endtime="20211209 10:34:16.096"/>
</kw>
<kw name="Sleep" library="BuiltIn">
<arg>3s</arg>
<doc>Pauses the test executed for the given time.</doc>
<msg timestamp="20211209 10:34:19.106" level="INFO">Slept 3 seconds</msg>
<status status="PASS" starttime="20211209 10:34:16.096" endtime="20211209 10:34:19.106"/>
</kw>
<kw name="Wait Until Page Contains" library="AppiumLibrary">
<arg>text=Accounts / Finance Group</arg>
<doc>Waits until `text` appears on current page.</doc>
<status status="PASS" starttime="20211209 10:34:19.107" endtime="20211209 10:34:19.512"/>
</kw>
<kw name="Sleep" library="BuiltIn">
<arg>3s</arg>
<doc>Pauses the test executed for the given time.</doc>
<msg timestamp="20211209 10:34:22.518" level="INFO">Slept 3 seconds</msg>
<status status="PASS" starttime="20211209 10:34:19.512" endtime="20211209 10:34:22.518"/>
</kw>
<kw name="Click Element" library="AppiumLibrary">
<arg>xpath=//android.widget.TextView[@text="Accounts / Finance Group"]</arg>
<doc>Click element identified by `locator`.</doc>
<msg timestamp="20211209 10:34:22.520" level="INFO">Clicking element 'xpath=//android.widget.TextView[@text="Accounts / Finance Group"]'.</msg>
<status status="PASS" starttime="20211209 10:34:22.518" endtime="20211209 10:34:23.004"/>
</kw>
<kw name="Sleep" library="BuiltIn">
<arg>3s</arg>
<doc>Pauses the test executed for the given time.</doc>
<msg timestamp="20211209 10:34:26.019" level="INFO">Slept 3 seconds</msg>
<status status="PASS" starttime="20211209 10:34:23.004" endtime="20211209 10:34:26.019"/>
</kw>
<kw name="Click Element" library="AppiumLibrary">
<arg>id=com.apnatime.debug:id/iv_attach</arg>
<doc>Click element identified by `locator`.</doc>
<msg timestamp="20211209 10:34:26.022" level="INFO">Clicking element 'id=com.apnatime.debug:id/iv_attach'.</msg>
<status status="PASS" starttime="20211209 10:34:26.019" endtime="20211209 10:34:27.712"/>
</kw>
<kw name="Wait Until Page Contains" library="AppiumLibrary">
<arg>text=Choose from the below message suggestions</arg>
<arg>timeout=20s</arg>
<doc>Waits until `text` appears on current page.</doc>
<status status="PASS" starttime="20211209 10:34:27.712" endtime="20211209 10:34:31.230"/>
</kw>
<kw name="Page Should Contain Text" library="AppiumLibrary">
<arg>text=Choose from the below message suggestions</arg>
<doc>Verifies that current page contains `text`.</doc>
<msg timestamp="20211209 10:34:31.690" level="INFO">Current page contains text 'Choose from the below message suggestions'.</msg>
<status status="PASS" starttime="20211209 10:34:31.230" endtime="20211209 10:34:31.690"/>
</kw>
<kw name="Sleep" library="BuiltIn">
<arg>3s</arg>
<doc>Pauses the test executed for the given time.</doc>
<msg timestamp="20211209 10:34:34.707" level="INFO">Slept 3 seconds</msg>
<status status="PASS" starttime="20211209 10:34:31.690" endtime="20211209 10:34:34.707"/>
</kw>
<kw name="Click Element" library="AppiumLibrary">
<arg>id=com.apnatime.debug:id/iv_close</arg>
<doc>Click element identified by `locator`.</doc>
<msg timestamp="20211209 10:34:34.710" level="INFO">Clicking element 'id=com.apnatime.debug:id/iv_close'.</msg>
<status status="PASS" starttime="20211209 10:34:34.707" endtime="20211209 10:34:35.303"/>
</kw>
<kw name="Sleep" library="BuiltIn">
<arg>3s</arg>
<doc>Pauses the test executed for the given time.</doc>
<msg timestamp="20211209 10:34:38.320" level="INFO">Slept 3 seconds</msg>
<status status="PASS" starttime="20211209 10:34:35.303" endtime="20211209 10:34:38.320"/>
</kw>
<kw name="Click Element" library="AppiumLibrary">
<arg>id=com.apnatime.debug:id/iv_close</arg>
<doc>Click element identified by `locator`.</doc>
<msg timestamp="20211209 10:34:38.325" level="INFO">Clicking element 'id=com.apnatime.debug:id/iv_close'.</msg>
<status status="PASS" starttime="20211209 10:34:38.320" endtime="20211209 10:34:38.404"/>
</kw>
<kw name="Sleep" library="BuiltIn">
<arg>3s</arg>
<doc>Pauses the test executed for the given time.</doc>
<msg timestamp="20211209 10:34:41.407" level="INFO">Slept 3 seconds</msg>
<status status="PASS" starttime="20211209 10:34:38.404" endtime="20211209 10:34:41.407"/>
</kw>
<kw name="Click Element" library="AppiumLibrary">
<arg>id=com.apnatime.debug:id/iv_back</arg>
<doc>Click element identified by `locator`.</doc>
<msg timestamp="20211209 10:34:41.411" level="INFO">Clicking element 'id=com.apnatime.debug:id/iv_back'.</msg>
<status status="PASS" starttime="20211209 10:34:41.407" endtime="20211209 10:34:41.540"/>
</kw>
<kw name="Sleep" library="BuiltIn">
<arg>2s</arg>
<doc>Pauses the test executed for the given time.</doc>
<msg timestamp="20211209 10:34:43.545" level="INFO">Slept 2 seconds</msg>
<status status="PASS" starttime="20211209 10:34:41.540" endtime="20211209 10:34:43.545"/>
</kw>
<kw name="Click Element" library="AppiumLibrary">
<arg>id=com.apnatime.debug:id/iv_back</arg>
<doc>Click element identified by `locator`.</doc>
<msg timestamp="20211209 10:34:43.549" level="INFO">Clicking element 'id=com.apnatime.debug:id/iv_back'.</msg>
<status status="PASS" starttime="20211209 10:34:43.545" endtime="20211209 10:34:43.775"/>
</kw>
<status status="PASS" starttime="20211209 10:33:36.478" endtime="20211209 10:34:43.776"/>
</kw>
<tag>Display the set of suggestion Messages</tag>
<status status="PASS" starttime="20211209 10:33:36.476" endtime="20211209 10:34:43.776"/>
</test>
<test id="s1-t4" name="Click on bulb icon suggestions &gt;&gt; select any one suggestion &gt;&gt; select any camera image,image,audio,video,doc from gallery and then send it">
<kw name="select any camera image,image,audio,video,doc from gallery and then send it">
<kw name="Sleep" library="BuiltIn">
<arg>3s</arg>
<doc>Pauses the test executed for the given time.</doc>
<msg timestamp="20211209 10:34:46.786" level="INFO">Slept 3 seconds</msg>
<status status="PASS" starttime="20211209 10:34:43.781" endtime="20211209 10:34:46.787"/>
</kw>
<kw name="Click Element" library="AppiumLibrary">
<arg>xpath=//android.widget.TextView[@text="Card"]</arg>
<doc>Click element identified by `locator`.</doc>
<msg timestamp="20211209 10:34:46.798" level="INFO">Clicking element 'xpath=//android.widget.TextView[@text="Card"]'.</msg>
<status status="PASS" starttime="20211209 10:34:46.787" endtime="20211209 10:34:47.114"/>
</kw>
<kw name="Wait Until Page Contains" library="AppiumLibrary">
<arg>text=Create your first post</arg>
<doc>Waits until `text` appears on current page.</doc>
<status status="PASS" starttime="20211209 10:34:47.114" endtime="20211209 10:34:49.884"/>
</kw>
<kw name="Click Element" library="AppiumLibrary">
<arg>id=com.apnatime.debug:id/btn_send_first_message</arg>
<doc>Click element identified by `locator`.</doc>
<msg timestamp="20211209 10:34:49.887" level="INFO">Clicking element 'id=com.apnatime.debug:id/btn_send_first_message'.</msg>
<status status="PASS" starttime="20211209 10:34:49.884" endtime="20211209 10:34:51.905"/>
</kw>
<kw name="Sleep" library="BuiltIn">
<arg>3s</arg>
<doc>Pauses the test executed for the given time.</doc>
<msg timestamp="20211209 10:34:54.917" level="INFO">Slept 3 seconds</msg>
<status status="PASS" starttime="20211209 10:34:51.905" endtime="20211209 10:34:54.917"/>
</kw>
<kw name="Click Element" library="AppiumLibrary">
<arg>xpath=//android.widget.TextView[@text="Maid Group"]</arg>
<doc>Click element identified by `locator`.</doc>
<msg timestamp="20211209 10:34:54.922" level="INFO">Clicking element 'xpath=//android.widget.TextView[@text="Maid Group"]'.</msg>
<status status="PASS" starttime="20211209 10:34:54.917" endtime="20211209 10:34:55.361"/>
</kw>
<kw name="Wait Until Page Contains" library="AppiumLibrary">
<arg>text=Maid Group</arg>
<doc>Waits until `text` appears on current page.</doc>
<status status="PASS" starttime="20211209 10:34:55.361" endtime="20211209 10:34:56.047"/>
</kw>
<kw name="Click Element" library="AppiumLibrary">
<arg>id=com.apnatime.debug:id/tv_sent_msg</arg>
<doc>Click element identified by `locator`.</doc>
<msg timestamp="20211209 10:34:56.053" level="INFO">Clicking element 'id=com.apnatime.debug:id/tv_sent_msg'.</msg>
<status status="PASS" starttime="20211209 10:34:56.048" endtime="20211209 10:34:57.411"/>
</kw>
<kw name="Wait Until Page Contains" library="AppiumLibrary">
<arg>text=Community Rules</arg>
<doc>Waits until `text` appears on current page.</doc>
<status status="PASS" starttime="20211209 10:34:57.412" endtime="20211209 10:34:59.913"/>
</kw>
<kw name="Click Element" library="AppiumLibrary">
<arg>id=com.apnatime.debug:id/tv_guideline_agree</arg>
<doc>Click element identified by `locator`.</doc>
<msg timestamp="20211209 10:34:59.917" level="INFO">Clicking element 'id=com.apnatime.debug:id/tv_guideline_agree'.</msg>
<status status="PASS" starttime="20211209 10:34:59.913" endtime="20211209 10:35:00.128"/>
</kw>
<kw name="Wait Until Page Contains" library="AppiumLibrary">
<arg>text=Maid Group</arg>
<doc>Waits until `text` appears on current page.</doc>
<status status="PASS" starttime="20211209 10:35:00.128" endtime="20211209 10:35:01.140"/>
</kw>
<kw name="Click Element" library="AppiumLibrary">
<arg>id=com.apnatime.debug:id/iv_pick_picture</arg>
<doc>Click element identified by `locator`.</doc>
<msg timestamp="20211209 10:35:01.145" level="INFO">Clicking element 'id=com.apnatime.debug:id/iv_pick_picture'.</msg>
<status status="PASS" starttime="20211209 10:35:01.141" endtime="20211209 10:35:01.998"/>
</kw>
<kw name="Wait Until Page Contains" library="AppiumLibrary">
<arg>text=Allow apna to take pictures and record video?</arg>
<doc>Waits until `text` appears on current page.</doc>
<status status="PASS" starttime="20211209 10:35:01.998" endtime="20211209 10:35:03.537"/>
</kw>
<kw name="Click Element" library="AppiumLibrary">
<arg>id=com.android.permissioncontroller:id/permission_allow_foreground_only_button</arg>
<doc>Click element identified by `locator`.</doc>
<msg timestamp="20211209 10:35:03.540" level="INFO">Clicking element 'id=com.android.permissioncontroller:id/permission_allow_foreground_only_button'.</msg>
<status status="PASS" starttime="20211209 10:35:03.537" endtime="20211209 10:35:03.640"/>
</kw>
<kw name="Wait Until Page Contains" library="AppiumLibrary">
<arg>text=Allow apna to access photos and media on your device?</arg>
<doc>Waits until `text` appears on current page.</doc>
<status status="PASS" starttime="20211209 10:35:03.640" endtime="20211209 10:35:03.783"/>
</kw>
<kw name="Click Element" library="AppiumLibrary">
<arg>id=com.android.permissioncontroller:id/permission_allow_button</arg>
<doc>Click element identified by `locator`.</doc>
<msg timestamp="20211209 10:35:03.789" level="INFO">Clicking element 'id=com.android.permissioncontroller:id/permission_allow_button'.</msg>
<status status="PASS" starttime="20211209 10:35:03.784" endtime="20211209 10:35:04.608"/>
</kw>
<kw name="Sleep" library="BuiltIn">
<arg>5s</arg>
<doc>Pauses the test executed for the given time.</doc>
<msg timestamp="20211209 10:35:09.617" level="INFO">Slept 5 seconds</msg>
<status status="PASS" starttime="20211209 10:35:04.608" endtime="20211209 10:35:09.617"/>
</kw>
<kw name="Click Element" library="AppiumLibrary">
<arg>id=com.google.android.apps.photos:id/image</arg>
<doc>Click element identified by `locator`.</doc>
<msg timestamp="20211209 10:35:09.619" level="INFO">Clicking element 'id=com.google.android.apps.photos:id/image'.</msg>
<status status="PASS" starttime="20211209 10:35:09.617" endtime="20211209 10:35:09.706"/>
</kw>
<kw name="Sleep" library="BuiltIn">
<arg>3s</arg>
<doc>Pauses the test executed for the given time.</doc>
<msg timestamp="20211209 10:35:12.719" level="INFO">Slept 3 seconds</msg>
<status status="PASS" starttime="20211209 10:35:09.706" endtime="20211209 10:35:12.720"/>
</kw>
<kw name="Click Element" library="AppiumLibrary">
<arg>accessibility_id=Photo taken on Dec 9, 2021 10:02:56 AM</arg>
<doc>Click element identified by `locator`.</doc>
<msg timestamp="20211209 10:35:12.723" level="INFO">Clicking element 'accessibility_id=Photo taken on Dec 9, 2021 10:02:56 AM'.</msg>
<status status="PASS" starttime="20211209 10:35:12.720" endtime="20211209 10:35:13.398"/>
</kw>
<kw name="Sleep" library="BuiltIn">
<arg>3s</arg>
<doc>Pauses the test executed for the given time.</doc>
<msg timestamp="20211209 10:35:16.410" level="INFO">Slept 3 seconds</msg>
<status status="PASS" starttime="20211209 10:35:13.398" endtime="20211209 10:35:16.410"/>
</kw>
<kw name="Click Element" library="AppiumLibrary">
<arg>id=com.apnatime.debug:id/btn_continue</arg>
<doc>Click element identified by `locator`.</doc>
<msg timestamp="20211209 10:35:16.414" level="INFO">Clicking element 'id=com.apnatime.debug:id/btn_continue'.</msg>
<status status="PASS" starttime="20211209 10:35:16.410" endtime="20211209 10:35:16.523"/>
</kw>
<kw name="Sleep" library="BuiltIn">
<arg>3s</arg>
<doc>Pauses the test executed for the given time.</doc>
<msg timestamp="20211209 10:35:19.532" level="INFO">Slept 3 seconds</msg>
<status status="PASS" starttime="20211209 10:35:16.523" endtime="20211209 10:35:19.532"/>
</kw>
<kw name="Click Element" library="AppiumLibrary">
<arg>id=com.apnatime.debug:id/sent_post</arg>
<doc>Click element identified by `locator`.</doc>
<msg timestamp="20211209 10:35:19.536" level="INFO">Clicking element 'id=com.apnatime.debug:id/sent_post'.</msg>
<status status="PASS" starttime="20211209 10:35:19.532" endtime="20211209 10:35:19.622"/>
</kw>
<kw name="Page Should Contain Text" library="AppiumLibrary">
<arg>text=Maid Group</arg>
<doc>Verifies that current page contains `text`.</doc>
<msg timestamp="20211209 10:35:19.708" level="INFO">Current page contains text 'Maid Group'.</msg>
<status status="PASS" starttime="20211209 10:35:19.622" endtime="20211209 10:35:19.708"/>
</kw>
<kw name="Sleep" library="BuiltIn">
<arg>3s</arg>
<doc>Pauses the test executed for the given time.</doc>
<msg timestamp="20211209 10:35:22.721" level="INFO">Slept 3 seconds</msg>
<status status="PASS" starttime="20211209 10:35:19.708" endtime="20211209 10:35:22.721"/>
</kw>
<kw name="Click Element" library="AppiumLibrary">
<arg>id=com.apnatime.debug:id/iv_back</arg>
<doc>Click element identified by `locator`.</doc>
<msg timestamp="20211209 10:35:22.726" level="INFO">Clicking element 'id=com.apnatime.debug:id/iv_back'.</msg>
<status status="PASS" starttime="20211209 10:35:22.721" endtime="20211209 10:35:22.859"/>
</kw>
<status status="PASS" starttime="20211209 10:34:43.780" endtime="20211209 10:35:22.859"/>
</kw>
<tag>Posting images from gallery</tag>
<status status="PASS" starttime="20211209 10:34:43.778" endtime="20211209 10:35:22.860"/>
</test>
<test id="s1-t5" name="Click on the message icon to open one on one message window with the same user and post a message.">
<kw name="Post the message">
<kw name="Sleep" library="BuiltIn">
<arg>30s</arg>
<doc>Pauses the test executed for the given time.</doc>
<msg timestamp="20211209 10:35:52.880" level="INFO">Slept 30 seconds</msg>
<status status="PASS" starttime="20211209 10:35:22.864" endtime="20211209 10:35:52.880"/>
</kw>
<kw name="Click Element" library="AppiumLibrary">
<arg>${message}</arg>
<doc>Click element identified by `locator`.</doc>
<msg timestamp="20211209 10:35:52.882" level="INFO">Clicking element 'id=com.apnatime.debug:id/iv_conversation'.</msg>
<status status="PASS" starttime="20211209 10:35:52.880" endtime="20211209 10:35:53.518"/>
</kw>
<kw name="Sleep" library="BuiltIn">
<arg>3s</arg>
<doc>Pauses the test executed for the given time.</doc>
<msg timestamp="20211209 10:35:56.526" level="INFO">Slept 3 seconds</msg>
<status status="PASS" starttime="20211209 10:35:53.519" endtime="20211209 10:35:56.527"/>
</kw>
<kw name="Click Element" library="AppiumLibrary">
<arg>${Select_person}</arg>
<doc>Click element identified by `locator`.</doc>
<msg timestamp="20211209 10:35:56.536" level="INFO">Clicking element 'id=com.apnatime.debug:id/root'.</msg>
<status status="PASS" starttime="20211209 10:35:56.527" endtime="20211209 10:35:56.684"/>
</kw>
<kw name="Sleep" library="BuiltIn">
<arg>3s</arg>
<doc>Pauses the test executed for the given time.</doc>
<msg timestamp="20211209 10:35:59.690" level="INFO">Slept 3 seconds</msg>
<status status="PASS" starttime="20211209 10:35:56.684" endtime="20211209 10:35:59.690"/>
</kw>
<kw name="Click Element" library="AppiumLibrary">
<arg>${enter_message}</arg>
<doc>Click element identified by `locator`.</doc>
<msg timestamp="20211209 10:35:59.692" level="INFO">Clicking element 'id=com.apnatime.debug:id/conversation_message'.</msg>
<status status="PASS" starttime="20211209 10:35:59.690" endtime="20211209 10:36:00.556"/>
</kw>
<kw name="Sleep" library="BuiltIn">
<arg>3s</arg>
<doc>Pauses the test executed for the given time.</doc>
<msg timestamp="20211209 10:36:03.566" level="INFO">Slept 3 seconds</msg>
<status status="PASS" starttime="20211209 10:36:00.556" endtime="20211209 10:36:03.567"/>
</kw>
<kw name="Input Text" library="AppiumLibrary">
<arg>${enter_text}</arg>
<arg>Good Morning</arg>
<doc>Types the given `text` into text field identified by `locator`.</doc>
<msg timestamp="20211209 10:36:03.572" level="INFO">Typing text 'Good Morning' into text field 'id=com.apnatime.debug:id/conversation_message'</msg>
<status status="PASS" starttime="20211209 10:36:03.567" endtime="20211209 10:36:04.288"/>
</kw>
<kw name="Sleep" library="BuiltIn">
<arg>3s</arg>
<doc>Pauses the test executed for the given time.</doc>
<msg timestamp="20211209 10:36:07.293" level="INFO">Slept 3 seconds</msg>
<status status="PASS" starttime="20211209 10:36:04.288" endtime="20211209 10:36:07.293"/>
</kw>
<kw name="Click Element" library="AppiumLibrary">
<arg>${send_text}</arg>
<doc>Click element identified by `locator`.</doc>
<msg timestamp="20211209 10:36:07.295" level="INFO">Clicking element 'id=com.apnatime.debug:id/conversation_send'.</msg>
<status status="PASS" starttime="20211209 10:36:07.293" endtime="20211209 10:36:07.372"/>
</kw>
<kw name="Sleep" library="BuiltIn">
<arg>3s</arg>
<doc>Pauses the test executed for the given time.</doc>
<msg timestamp="20211209 10:36:10.387" level="INFO">Slept 3 seconds</msg>
<status status="PASS" starttime="20211209 10:36:07.372" endtime="20211209 10:36:10.387"/>
</kw>
<kw name="Click Element" library="AppiumLibrary">
<arg>${back_button}</arg>
<doc>Click element identified by `locator`.</doc>
<msg timestamp="20211209 10:36:10.389" level="INFO">Clicking element 'accessibility_id=Navigate up'.</msg>
<status status="PASS" starttime="20211209 10:36:10.387" endtime="20211209 10:36:10.470"/>
</kw>
<kw name="Sleep" library="BuiltIn">
<arg>3s</arg>
<doc>Pauses the test executed for the given time.</doc>
<msg timestamp="20211209 10:36:13.476" level="INFO">Slept 3 seconds</msg>
<status status="PASS" starttime="20211209 10:36:10.470" endtime="20211209 10:36:13.476"/>
</kw>
<kw name="Page Should Contain Text" library="AppiumLibrary">
<arg>text=Inbox</arg>
<doc>Verifies that current page contains `text`.</doc>
<msg timestamp="20211209 10:36:13.540" level="INFO">Current page contains text 'Inbox'.</msg>
<status status="PASS" starttime="20211209 10:36:13.476" endtime="20211209 10:36:13.540"/>
</kw>
<kw name="Sleep" library="BuiltIn">
<arg>3s</arg>
<doc>Pauses the test executed for the given time.</doc>
<msg timestamp="20211209 10:36:16.555" level="INFO">Slept 3 seconds</msg>
<status status="PASS" starttime="20211209 10:36:13.540" endtime="20211209 10:36:16.555"/>
</kw>
<kw name="Click Element" library="AppiumLibrary">
<arg>${back_button1}</arg>
<doc>Click element identified by `locator`.</doc>
<msg timestamp="20211209 10:36:16.561" level="INFO">Clicking element 'id=com.apnatime.debug:id/iv_back'.</msg>
<status status="PASS" starttime="20211209 10:36:16.555" endtime="20211209 10:36:17.790"/>
</kw>
<status status="PASS" starttime="20211209 10:35:22.864" endtime="20211209 10:36:17.791"/>
</kw>
<tag>Send message</tag>
<status status="PASS" starttime="20211209 10:35:22.862" endtime="20211209 10:36:17.792"/>
</test>
<test id="s1-t6" name="Verify the restricted word in message chat box">
<kw name="Restricted words in message">
<kw name="Sleep" library="BuiltIn">
<arg>30s</arg>
<doc>Pauses the test executed for the given time.</doc>
<msg timestamp="20211209 10:36:47.799" level="INFO">Slept 30 seconds</msg>
<status status="PASS" starttime="20211209 10:36:17.797" endtime="20211209 10:36:47.799"/>
</kw>
<kw name="Click Element" library="AppiumLibrary">
<arg>${message}</arg>
<doc>Click element identified by `locator`.</doc>
<msg timestamp="20211209 10:36:47.802" level="INFO">Clicking element 'id=com.apnatime.debug:id/iv_conversation'.</msg>
<status status="PASS" starttime="20211209 10:36:47.799" endtime="20211209 10:36:49.404"/>
</kw>
<kw name="Sleep" library="BuiltIn">
<arg>3s</arg>
<doc>Pauses the test executed for the given time.</doc>
<msg timestamp="20211209 10:36:52.416" level="INFO">Slept 3 seconds</msg>
<status status="PASS" starttime="20211209 10:36:49.404" endtime="20211209 10:36:52.416"/>
</kw>
<kw name="Click Element" library="AppiumLibrary">
<arg>${Select_person}</arg>
<doc>Click element identified by `locator`.</doc>
<msg timestamp="20211209 10:36:52.418" level="INFO">Clicking element 'id=com.apnatime.debug:id/root'.</msg>
<status status="PASS" starttime="20211209 10:36:52.416" endtime="20211209 10:36:52.487"/>
</kw>
<kw name="Sleep" library="BuiltIn">
<arg>3s</arg>
<doc>Pauses the test executed for the given time.</doc>
<msg timestamp="20211209 10:36:55.500" level="INFO">Slept 3 seconds</msg>
<status status="PASS" starttime="20211209 10:36:52.487" endtime="20211209 10:36:55.500"/>
</kw>
<kw name="Click Element" library="AppiumLibrary">
<arg>${enter_message}</arg>
<doc>Click element identified by `locator`.</doc>
<msg timestamp="20211209 10:36:55.505" level="INFO">Clicking element 'id=com.apnatime.debug:id/conversation_message'.</msg>
<status status="PASS" starttime="20211209 10:36:55.501" endtime="20211209 10:36:56.414"/>
</kw>
<kw name="Sleep" library="BuiltIn">
<arg>3s</arg>
<doc>Pauses the test executed for the given time.</doc>
<msg timestamp="20211209 10:36:59.419" level="INFO">Slept 3 seconds</msg>
<status status="PASS" starttime="20211209 10:36:56.414" endtime="20211209 10:36:59.419"/>
</kw>
<kw name="Input Text" library="AppiumLibrary">
<arg>${enter_text}</arg>
<arg>Fuck off</arg>
<doc>Types the given `text` into text field identified by `locator`.</doc>
<msg timestamp="20211209 10:36:59.422" level="INFO">Typing text 'Fuck off' into text field 'id=com.apnatime.debug:id/conversation_message'</msg>
<status status="PASS" starttime="20211209 10:36:59.419" endtime="20211209 10:37:00.122"/>
</kw>
<kw name="Sleep" library="BuiltIn">
<arg>3s</arg>
<doc>Pauses the test executed for the given time.</doc>
<msg timestamp="20211209 10:37:03.123" level="INFO">Slept 3 seconds</msg>
<status status="PASS" starttime="20211209 10:37:00.123" endtime="20211209 10:37:03.123"/>
</kw>
<kw name="Click Element" library="AppiumLibrary">
<arg>${send_text}</arg>
<doc>Click element identified by `locator`.</doc>
<msg timestamp="20211209 10:37:03.126" level="INFO">Clicking element 'id=com.apnatime.debug:id/conversation_send'.</msg>
<status status="PASS" starttime="20211209 10:37:03.123" endtime="20211209 10:37:03.204"/>
</kw>
<kw name="Sleep" library="BuiltIn">
<arg>3s</arg>
<doc>Pauses the test executed for the given time.</doc>
<msg timestamp="20211209 10:37:06.220" level="INFO">Slept 3 seconds</msg>
<status status="PASS" starttime="20211209 10:37:03.205" endtime="20211209 10:37:06.220"/>
</kw>
<kw name="Page Should Contain Element" library="AppiumLibrary">
<arg>${alert_message}</arg>
<doc>Verifies that current page contains `locator` element.</doc>
<msg timestamp="20211209 10:37:06.254" level="INFO">Current page contains element 'id=android:id/alertTitle'.</msg>
<status status="PASS" starttime="20211209 10:37:06.221" endtime="20211209 10:37:06.254"/>
</kw>
<kw name="Sleep" library="BuiltIn">
<arg>3s</arg>
<doc>Pauses the test executed for the given time.</doc>
<msg timestamp="20211209 10:37:09.262" level="INFO">Slept 3 seconds</msg>
<status status="PASS" starttime="20211209 10:37:06.254" endtime="20211209 10:37:09.262"/>
</kw>
<kw name="Click Element" library="AppiumLibrary">
<arg>${ok}</arg>
<doc>Click element identified by `locator`.</doc>
<msg timestamp="20211209 10:37:09.266" level="INFO">Clicking element 'id=android:id/button1'.</msg>
<status status="PASS" starttime="20211209 10:37:09.263" endtime="20211209 10:37:09.335"/>
</kw>
<kw name="Sleep" library="BuiltIn">
<arg>3s</arg>
<doc>Pauses the test executed for the given time.</doc>
<msg timestamp="20211209 10:37:12.352" level="INFO">Slept 3 seconds</msg>
<status status="PASS" starttime="20211209 10:37:09.335" endtime="20211209 10:37:12.352"/>
</kw>
<kw name="Click Element" library="AppiumLibrary">
<arg>${back_button}</arg>
<doc>Click element identified by `locator`.</doc>
<msg timestamp="20211209 10:37:12.355" level="INFO">Clicking element 'accessibility_id=Navigate up'.</msg>
<status status="PASS" starttime="20211209 10:37:12.352" endtime="20211209 10:37:12.438"/>
</kw>
<kw name="Sleep" library="BuiltIn">
<arg>3s</arg>
<doc>Pauses the test executed for the given time.</doc>
<msg timestamp="20211209 10:37:15.447" level="INFO">Slept 3 seconds</msg>
<status status="PASS" starttime="20211209 10:37:12.438" endtime="20211209 10:37:15.447"/>
</kw>
<kw name="Page Should Contain Text" library="AppiumLibrary">
<arg>text=Inbox</arg>
<doc>Verifies that current page contains `text`.</doc>
<msg timestamp="20211209 10:37:15.496" level="INFO">Current page contains text 'Inbox'.</msg>
<status status="PASS" starttime="20211209 10:37:15.447" endtime="20211209 10:37:15.496"/>
</kw>
<kw name="Sleep" library="BuiltIn">
<arg>3s</arg>
<doc>Pauses the test executed for the given time.</doc>
<msg timestamp="20211209 10:37:18.497" level="INFO">Slept 3 seconds</msg>
<status status="PASS" starttime="20211209 10:37:15.496" endtime="20211209 10:37:18.497"/>
</kw>
<kw name="Click Element" library="AppiumLibrary">
<arg>${back_button1}</arg>
<doc>Click element identified by `locator`.</doc>
<msg timestamp="20211209 10:37:18.499" level="INFO">Clicking element 'id=com.apnatime.debug:id/iv_back'.</msg>
<status status="PASS" starttime="20211209 10:37:18.497" endtime="20211209 10:37:19.890"/>
</kw>
<status status="PASS" starttime="20211209 10:36:17.796" endtime="20211209 10:37:19.890"/>
</kw>
<tag>Sending Abusive words</tag>
<status status="PASS" starttime="20211209 10:36:17.795" endtime="20211209 10:37:19.891"/>
</test>
<status status="PASS" starttime="20211209 10:32:50.769" endtime="20211209 10:37:19.895"/>
</suite>
<statistics>
<total>
<stat pass="6" fail="0" skip="0">All Tests</stat>
</total>
<tag>
<stat pass="1" fail="0" skip="0">Display the set of suggestion Messages</stat>
<stat pass="1" fail="0" skip="0">Login and get OTP</stat>
<stat pass="1" fail="0" skip="0">Posting images from gallery</stat>
<stat pass="1" fail="0" skip="0">Sending Abusive words</stat>
<stat pass="1" fail="0" skip="0">Send message</stat>
<stat pass="1" fail="0" skip="0">user should be able to search in Apna application</stat>
</tag>
<suite>
<stat pass="6" fail="0" skip="0" id="s1" name="Groups">Groups</stat>
</suite>
</statistics>
<errors>
</errors>
</robot>
